2023-04-30 20:41:50,418 INFO  Logger.cs: 70 - 
--------------------------------------------------------------------------------
2023-04-30 20:41:50,496 INFO  Logger.cs: 71 - Logging commencing for SW2URDF exporter
2023-04-30 20:41:50,497 INFO  Logger.cs: 73 - Commit version 1.6.0-4-g7f85cfe
2023-04-30 20:41:50,498 INFO  Logger.cs: 74 - Build version 1.6.7995.38578
2023-04-30 20:41:50,502 INFO  SwAddin.cs: 192 - Attempting to connect to SW
2023-04-30 20:41:50,503 INFO  SwAddin.cs: 197 - Setting up callbacks
2023-04-30 20:41:50,504 INFO  SwAddin.cs: 201 - Setting up command manager
2023-04-30 20:41:50,506 INFO  SwAddin.cs: 204 - Adding command manager
2023-04-30 20:41:50,525 INFO  SwAddin.cs: 263 - Adding Assembly export to file menu
2023-04-30 20:41:50,526 INFO  SwAddin.cs: 272 - Adding Part export to file menu
2023-04-30 20:41:50,527 INFO  SwAddin.cs: 210 - Adding event handlers
2023-04-30 20:41:50,851 INFO  SwAddin.cs: 217 - Connecting plugin to SolidWorks
2023-04-30 20:43:58,075 INFO  SwAddin.cs: 351 - Part export called
2023-04-30 20:43:58,210 INFO  ExportHelperExtension.cs: 1125 - Retrieving features of type [CoordSys] from ssss.SLDPRT
2023-04-30 20:43:58,267 INFO  ExportHelperExtension.cs: 1136 - Found 52 in ssss.SLDPRT
2023-04-30 20:43:58,268 INFO  ExportHelperExtension.cs: 1145 - Found 0 features of type [CoordSys] in ssss.SLDPRT
2023-04-30 20:43:58,268 INFO  ExportHelperExtension.cs: 1125 - Retrieving features of type [RefAxis] from ssss.SLDPRT
2023-04-30 20:43:58,269 INFO  ExportHelperExtension.cs: 1136 - Found 52 in ssss.SLDPRT
2023-04-30 20:43:58,269 INFO  ExportHelperExtension.cs: 1145 - Found 0 features of type [RefAxis] in ssss.SLDPRT
2023-04-30 20:43:58,270 INFO  SwAddin.cs: 367 - Showing part
2023-04-30 20:44:38,171 INFO  SwAddin.cs: 351 - Part export called
2023-04-30 20:44:38,182 INFO  ExportHelperExtension.cs: 1125 - Retrieving features of type [CoordSys] from ssss.SLDPRT
2023-04-30 20:44:38,184 INFO  ExportHelperExtension.cs: 1136 - Found 52 in ssss.SLDPRT
2023-04-30 20:44:38,184 INFO  ExportHelperExtension.cs: 1145 - Found 0 features of type [CoordSys] in ssss.SLDPRT
2023-04-30 20:44:38,185 INFO  ExportHelperExtension.cs: 1125 - Retrieving features of type [RefAxis] from ssss.SLDPRT
2023-04-30 20:44:38,185 INFO  ExportHelperExtension.cs: 1136 - Found 52 in ssss.SLDPRT
2023-04-30 20:44:38,186 INFO  ExportHelperExtension.cs: 1145 - Found 0 features of type [RefAxis] in ssss.SLDPRT
2023-04-30 20:44:38,186 INFO  SwAddin.cs: 367 - Showing part
2023-04-30 20:45:17,830 INFO  SwAddin.cs: 294 - Assembly export called for file Assem2.SLDASM
2023-04-30 20:45:23,093 INFO  SwAddin.cs: 313 - Saving assembly
2023-04-30 20:45:23,289 INFO  SwAddin.cs: 316 - Opening property manager
2023-04-30 20:45:23,295 INFO  ExportHelperExtension.cs: 1125 - Retrieving features of type [CoordSys] from Assem2.SLDASM
2023-04-30 20:45:23,296 INFO  ExportHelperExtension.cs: 1136 - Found 30 in Assem2.SLDASM
2023-04-30 20:45:23,298 INFO  ExportHelperExtension.cs: 1145 - Found 0 features of type [CoordSys] in Assem2.SLDASM
2023-04-30 20:45:23,298 INFO  ExportHelperExtension.cs: 1148 - Proceeding through assembly components
2023-04-30 20:45:23,301 INFO  ExportHelperExtension.cs: 1160 - 3 components to check
2023-04-30 20:45:23,305 INFO  ExportHelperExtension.cs: 1125 - Retrieving features of type [CoordSys] from ssss-2
2023-04-30 20:45:23,307 INFO  ExportHelperExtension.cs: 1136 - Found 52 in ssss-2
2023-04-30 20:45:23,308 INFO  ExportHelperExtension.cs: 1145 - Found 0 features of type [CoordSys] in ssss-2
2023-04-30 20:45:23,308 INFO  ExportHelperExtension.cs: 1125 - Retrieving features of type [CoordSys] from holder.SLDPRT 222-1
2023-04-30 20:45:23,309 INFO  ExportHelperExtension.cs: 1136 - Found 52 in holder.SLDPRT 222-1
2023-04-30 20:45:23,310 INFO  ExportHelperExtension.cs: 1145 - Found 0 features of type [CoordSys] in holder.SLDPRT 222-1
2023-04-30 20:45:23,311 INFO  ExportHelperExtension.cs: 1125 - Retrieving features of type [CoordSys] from Assem1-1
2023-04-30 20:45:23,312 INFO  ExportHelperExtension.cs: 1136 - Found 35 in Assem1-1
2023-04-30 20:45:23,314 INFO  ExportHelperExtension.cs: 1145 - Found 0 features of type [CoordSys] in Assem1-1
2023-04-30 20:45:23,314 INFO  ExportHelperExtension.cs: 1125 - Retrieving features of type [RefAxis] from Assem2.SLDASM
2023-04-30 20:45:23,315 INFO  ExportHelperExtension.cs: 1136 - Found 30 in Assem2.SLDASM
2023-04-30 20:45:23,316 INFO  ExportHelperExtension.cs: 1145 - Found 0 features of type [RefAxis] in Assem2.SLDASM
2023-04-30 20:45:23,322 INFO  ExportHelperExtension.cs: 1148 - Proceeding through assembly components
2023-04-30 20:45:23,323 INFO  ExportHelperExtension.cs: 1160 - 3 components to check
2023-04-30 20:45:23,323 INFO  ExportHelperExtension.cs: 1125 - Retrieving features of type [RefAxis] from ssss-2
2023-04-30 20:45:23,324 INFO  ExportHelperExtension.cs: 1136 - Found 52 in ssss-2
2023-04-30 20:45:23,326 INFO  ExportHelperExtension.cs: 1145 - Found 0 features of type [RefAxis] in ssss-2
2023-04-30 20:45:23,326 INFO  ExportHelperExtension.cs: 1125 - Retrieving features of type [RefAxis] from holder.SLDPRT 222-1
2023-04-30 20:45:23,327 INFO  ExportHelperExtension.cs: 1136 - Found 52 in holder.SLDPRT 222-1
2023-04-30 20:45:23,328 INFO  ExportHelperExtension.cs: 1145 - Found 0 features of type [RefAxis] in holder.SLDPRT 222-1
2023-04-30 20:45:23,329 INFO  ExportHelperExtension.cs: 1125 - Retrieving features of type [RefAxis] from Assem1-1
2023-04-30 20:45:23,330 INFO  ExportHelperExtension.cs: 1136 - Found 35 in Assem1-1
2023-04-30 20:45:23,350 INFO  ExportHelperExtension.cs: 1145 - Found 0 features of type [RefAxis] in Assem1-1
2023-04-30 20:45:23,834 INFO  SwAddin.cs: 339 - Loading config tree
2023-04-30 20:45:23,844 INFO  ExportPropertyManagerExtension.cs: 520 - Starting new configuration
2023-04-30 20:45:23,851 INFO  SwAddin.cs: 344 - Showing property manager
2023-04-30 20:45:29,829 INFO  ExportPropertyManager.cs: 416 - Configuration canceled
2023-04-30 20:45:29,890 INFO  ExportPropertyManager.cs: 1142 - AfterClose called. This method no longer throws an Exception. It just silently does nothing. Ok, except for this logging message
2023-04-30 20:46:26,493 INFO  SwAddin.cs: 294 - Assembly export called for file Assem1.SLDASM
2023-04-30 20:46:28,076 INFO  SwAddin.cs: 313 - Saving assembly
2023-04-30 20:46:28,319 INFO  SwAddin.cs: 316 - Opening property manager
2023-04-30 20:46:28,320 INFO  ExportHelperExtension.cs: 1125 - Retrieving features of type [CoordSys] from Assem1.SLDASM
2023-04-30 20:46:28,321 INFO  ExportHelperExtension.cs: 1136 - Found 49 in Assem1.SLDASM
2023-04-30 20:46:28,322 INFO  ExportHelperExtension.cs: 1145 - Found 0 features of type [CoordSys] in Assem1.SLDASM
2023-04-30 20:46:28,323 INFO  ExportHelperExtension.cs: 1148 - Proceeding through assembly components
2023-04-30 20:46:28,324 INFO  ExportHelperExtension.cs: 1160 - 8 components to check
2023-04-30 20:46:28,325 INFO  ExportHelperExtension.cs: 1125 - Retrieving features of type [CoordSys] from ARM450-9
2023-04-30 20:46:28,327 INFO  ExportHelperExtension.cs: 1136 - Found 110 in ARM450-9
2023-04-30 20:46:28,328 INFO  ExportHelperExtension.cs: 1145 - Found 0 features of type [CoordSys] in ARM450-9
2023-04-30 20:46:28,329 INFO  ExportHelperExtension.cs: 1125 - Retrieving features of type [CoordSys] from ARM450-12
2023-04-30 20:46:28,330 INFO  ExportHelperExtension.cs: 1136 - Found 110 in ARM450-12
2023-04-30 20:46:28,332 INFO  ExportHelperExtension.cs: 1145 - Found 0 features of type [CoordSys] in ARM450-12
2023-04-30 20:46:28,334 INFO  ExportHelperExtension.cs: 1125 - Retrieving features of type [CoordSys] from Hélice_1045-3
2023-04-30 20:46:28,336 INFO  ExportHelperExtension.cs: 1136 - Found 34 in Hélice_1045-3
2023-04-30 20:46:28,356 INFO  ExportHelperExtension.cs: 1145 - Found 0 features of type [CoordSys] in Hélice_1045-3
2023-04-30 20:46:28,357 INFO  ExportHelperExtension.cs: 1125 - Retrieving features of type [CoordSys] from ARM450-11
2023-04-30 20:46:28,490 INFO  ExportHelperExtension.cs: 1136 - Found 110 in ARM450-11
2023-04-30 20:46:28,491 INFO  ExportHelperExtension.cs: 1145 - Found 0 features of type [CoordSys] in ARM450-11
2023-04-30 20:46:28,492 INFO  ExportHelperExtension.cs: 1125 - Retrieving features of type [CoordSys] from Hélice_1045-2
2023-04-30 20:46:28,493 INFO  ExportHelperExtension.cs: 1136 - Found 34 in Hélice_1045-2
2023-04-30 20:46:28,494 INFO  ExportHelperExtension.cs: 1145 - Found 0 features of type [CoordSys] in Hélice_1045-2
2023-04-30 20:46:28,494 INFO  ExportHelperExtension.cs: 1125 - Retrieving features of type [CoordSys] from ARM450-1
2023-04-30 20:46:28,495 INFO  ExportHelperExtension.cs: 1136 - Found 110 in ARM450-1
2023-04-30 20:46:28,496 INFO  ExportHelperExtension.cs: 1145 - Found 0 features of type [CoordSys] in ARM450-1
2023-04-30 20:46:28,496 INFO  ExportHelperExtension.cs: 1125 - Retrieving features of type [CoordSys] from down-1
2023-04-30 20:46:28,497 INFO  ExportHelperExtension.cs: 1136 - Found 26 in down-1
2023-04-30 20:46:28,497 INFO  ExportHelperExtension.cs: 1145 - Found 0 features of type [CoordSys] in down-1
2023-04-30 20:46:28,498 INFO  ExportHelperExtension.cs: 1125 - Retrieving features of type [CoordSys] from Up-1
2023-04-30 20:46:28,498 INFO  ExportHelperExtension.cs: 1136 - Found 27 in Up-1
2023-04-30 20:46:28,498 INFO  ExportHelperExtension.cs: 1145 - Found 0 features of type [CoordSys] in Up-1
2023-04-30 20:46:28,499 INFO  ExportHelperExtension.cs: 1125 - Retrieving features of type [RefAxis] from Assem1.SLDASM
2023-04-30 20:46:28,499 INFO  ExportHelperExtension.cs: 1136 - Found 49 in Assem1.SLDASM
2023-04-30 20:46:28,500 INFO  ExportHelperExtension.cs: 1145 - Found 0 features of type [RefAxis] in Assem1.SLDASM
2023-04-30 20:46:28,500 INFO  ExportHelperExtension.cs: 1148 - Proceeding through assembly components
2023-04-30 20:46:28,500 INFO  ExportHelperExtension.cs: 1160 - 8 components to check
2023-04-30 20:46:28,501 INFO  ExportHelperExtension.cs: 1125 - Retrieving features of type [RefAxis] from ARM450-9
2023-04-30 20:46:28,501 INFO  ExportHelperExtension.cs: 1136 - Found 110 in ARM450-9
2023-04-30 20:46:28,502 INFO  ExportHelperExtension.cs: 1145 - Found 0 features of type [RefAxis] in ARM450-9
2023-04-30 20:46:28,502 INFO  ExportHelperExtension.cs: 1125 - Retrieving features of type [RefAxis] from ARM450-12
2023-04-30 20:46:28,503 INFO  ExportHelperExtension.cs: 1136 - Found 110 in ARM450-12
2023-04-30 20:46:28,504 INFO  ExportHelperExtension.cs: 1145 - Found 0 features of type [RefAxis] in ARM450-12
2023-04-30 20:46:28,505 INFO  ExportHelperExtension.cs: 1125 - Retrieving features of type [RefAxis] from Hélice_1045-3
2023-04-30 20:46:28,506 INFO  ExportHelperExtension.cs: 1136 - Found 34 in Hélice_1045-3
2023-04-30 20:46:28,507 INFO  ExportHelperExtension.cs: 1145 - Found 0 features of type [RefAxis] in Hélice_1045-3
2023-04-30 20:46:28,508 INFO  ExportHelperExtension.cs: 1125 - Retrieving features of type [RefAxis] from ARM450-11
2023-04-30 20:46:28,508 INFO  ExportHelperExtension.cs: 1136 - Found 110 in ARM450-11
2023-04-30 20:46:28,510 INFO  ExportHelperExtension.cs: 1145 - Found 0 features of type [RefAxis] in ARM450-11
2023-04-30 20:46:28,511 INFO  ExportHelperExtension.cs: 1125 - Retrieving features of type [RefAxis] from Hélice_1045-2
2023-04-30 20:46:28,512 INFO  ExportHelperExtension.cs: 1136 - Found 34 in Hélice_1045-2
2023-04-30 20:46:28,512 INFO  ExportHelperExtension.cs: 1145 - Found 0 features of type [RefAxis] in Hélice_1045-2
2023-04-30 20:46:28,512 INFO  ExportHelperExtension.cs: 1125 - Retrieving features of type [RefAxis] from ARM450-1
2023-04-30 20:46:28,513 INFO  ExportHelperExtension.cs: 1136 - Found 110 in ARM450-1
2023-04-30 20:46:28,514 INFO  ExportHelperExtension.cs: 1145 - Found 0 features of type [RefAxis] in ARM450-1
2023-04-30 20:46:28,514 INFO  ExportHelperExtension.cs: 1125 - Retrieving features of type [RefAxis] from down-1
2023-04-30 20:46:28,514 INFO  ExportHelperExtension.cs: 1136 - Found 26 in down-1
2023-04-30 20:46:28,515 INFO  ExportHelperExtension.cs: 1145 - Found 0 features of type [RefAxis] in down-1
2023-04-30 20:46:28,515 INFO  ExportHelperExtension.cs: 1125 - Retrieving features of type [RefAxis] from Up-1
2023-04-30 20:46:28,516 INFO  ExportHelperExtension.cs: 1136 - Found 27 in Up-1
2023-04-30 20:46:28,516 INFO  ExportHelperExtension.cs: 1145 - Found 0 features of type [RefAxis] in Up-1
2023-04-30 20:46:28,716 INFO  SwAddin.cs: 339 - Loading config tree
2023-04-30 20:46:28,717 INFO  ExportPropertyManagerExtension.cs: 520 - Starting new configuration
2023-04-30 20:46:28,719 INFO  SwAddin.cs: 344 - Showing property manager
2023-04-30 20:46:40,580 INFO  ExportPropertyManager.cs: 422 - Configuration saved
2023-04-30 20:46:40,789 INFO  ExportPropertyManager.cs: 1142 - AfterClose called. This method no longer throws an Exception. It just silently does nothing. Ok, except for this logging message
2023-04-30 20:47:25,136 INFO  SwAddin.cs: 294 - Assembly export called for file Assem1.SLDASM
2023-04-30 20:47:25,137 INFO  SwAddin.cs: 299 - Save is required
2023-04-30 20:47:25,137 INFO  SwAddin.cs: 313 - Saving assembly
2023-04-30 20:47:25,701 INFO  SwAddin.cs: 316 - Opening property manager
2023-04-30 20:47:25,702 INFO  ExportHelperExtension.cs: 1125 - Retrieving features of type [CoordSys] from Assem1.SLDASM
2023-04-30 20:47:25,703 INFO  ExportHelperExtension.cs: 1136 - Found 49 in Assem1.SLDASM
2023-04-30 20:47:25,704 INFO  ExportHelperExtension.cs: 1145 - Found 0 features of type [CoordSys] in Assem1.SLDASM
2023-04-30 20:47:25,704 INFO  ExportHelperExtension.cs: 1148 - Proceeding through assembly components
2023-04-30 20:47:25,705 INFO  ExportHelperExtension.cs: 1160 - 8 components to check
2023-04-30 20:47:25,706 INFO  ExportHelperExtension.cs: 1125 - Retrieving features of type [CoordSys] from ARM450-9
2023-04-30 20:47:25,707 INFO  ExportHelperExtension.cs: 1136 - Found 110 in ARM450-9
2023-04-30 20:47:25,711 INFO  ExportHelperExtension.cs: 1145 - Found 0 features of type [CoordSys] in ARM450-9
2023-04-30 20:47:25,712 INFO  ExportHelperExtension.cs: 1125 - Retrieving features of type [CoordSys] from ARM450-12
2023-04-30 20:47:25,713 INFO  ExportHelperExtension.cs: 1136 - Found 110 in ARM450-12
2023-04-30 20:47:25,715 INFO  ExportHelperExtension.cs: 1145 - Found 0 features of type [CoordSys] in ARM450-12
2023-04-30 20:47:25,716 INFO  ExportHelperExtension.cs: 1125 - Retrieving features of type [CoordSys] from Hélice_1045-3
2023-04-30 20:47:25,716 INFO  ExportHelperExtension.cs: 1136 - Found 34 in Hélice_1045-3
2023-04-30 20:47:25,718 INFO  ExportHelperExtension.cs: 1145 - Found 0 features of type [CoordSys] in Hélice_1045-3
2023-04-30 20:47:25,718 INFO  ExportHelperExtension.cs: 1125 - Retrieving features of type [CoordSys] from ARM450-11
2023-04-30 20:47:25,719 INFO  ExportHelperExtension.cs: 1136 - Found 110 in ARM450-11
2023-04-30 20:47:25,721 INFO  ExportHelperExtension.cs: 1145 - Found 0 features of type [CoordSys] in ARM450-11
2023-04-30 20:47:25,722 INFO  ExportHelperExtension.cs: 1125 - Retrieving features of type [CoordSys] from Hélice_1045-2
2023-04-30 20:47:25,723 INFO  ExportHelperExtension.cs: 1136 - Found 34 in Hélice_1045-2
2023-04-30 20:47:25,725 INFO  ExportHelperExtension.cs: 1145 - Found 0 features of type [CoordSys] in Hélice_1045-2
2023-04-30 20:47:25,726 INFO  ExportHelperExtension.cs: 1125 - Retrieving features of type [CoordSys] from ARM450-1
2023-04-30 20:47:25,727 INFO  ExportHelperExtension.cs: 1136 - Found 110 in ARM450-1
2023-04-30 20:47:25,728 INFO  ExportHelperExtension.cs: 1145 - Found 0 features of type [CoordSys] in ARM450-1
2023-04-30 20:47:25,729 INFO  ExportHelperExtension.cs: 1125 - Retrieving features of type [CoordSys] from down-1
2023-04-30 20:47:25,729 INFO  ExportHelperExtension.cs: 1136 - Found 26 in down-1
2023-04-30 20:47:25,730 INFO  ExportHelperExtension.cs: 1145 - Found 0 features of type [CoordSys] in down-1
2023-04-30 20:47:25,731 INFO  ExportHelperExtension.cs: 1125 - Retrieving features of type [CoordSys] from Up-1
2023-04-30 20:47:25,732 INFO  ExportHelperExtension.cs: 1136 - Found 27 in Up-1
2023-04-30 20:47:25,744 INFO  ExportHelperExtension.cs: 1145 - Found 0 features of type [CoordSys] in Up-1
2023-04-30 20:47:25,745 INFO  ExportHelperExtension.cs: 1125 - Retrieving features of type [RefAxis] from Assem1.SLDASM
2023-04-30 20:47:25,746 INFO  ExportHelperExtension.cs: 1136 - Found 49 in Assem1.SLDASM
2023-04-30 20:47:25,747 INFO  ExportHelperExtension.cs: 1145 - Found 0 features of type [RefAxis] in Assem1.SLDASM
2023-04-30 20:47:25,748 INFO  ExportHelperExtension.cs: 1148 - Proceeding through assembly components
2023-04-30 20:47:25,748 INFO  ExportHelperExtension.cs: 1160 - 8 components to check
2023-04-30 20:47:25,749 INFO  ExportHelperExtension.cs: 1125 - Retrieving features of type [RefAxis] from ARM450-9
2023-04-30 20:47:25,750 INFO  ExportHelperExtension.cs: 1136 - Found 110 in ARM450-9
2023-04-30 20:47:25,751 INFO  ExportHelperExtension.cs: 1145 - Found 0 features of type [RefAxis] in ARM450-9
2023-04-30 20:47:25,752 INFO  ExportHelperExtension.cs: 1125 - Retrieving features of type [RefAxis] from ARM450-12
2023-04-30 20:47:25,766 INFO  ExportHelperExtension.cs: 1136 - Found 110 in ARM450-12
2023-04-30 20:47:25,768 INFO  ExportHelperExtension.cs: 1145 - Found 0 features of type [RefAxis] in ARM450-12
2023-04-30 20:47:25,768 INFO  ExportHelperExtension.cs: 1125 - Retrieving features of type [RefAxis] from Hélice_1045-3
2023-04-30 20:47:25,769 INFO  ExportHelperExtension.cs: 1136 - Found 34 in Hélice_1045-3
2023-04-30 20:47:25,770 INFO  ExportHelperExtension.cs: 1145 - Found 0 features of type [RefAxis] in Hélice_1045-3
2023-04-30 20:47:25,770 INFO  ExportHelperExtension.cs: 1125 - Retrieving features of type [RefAxis] from ARM450-11
2023-04-30 20:47:25,771 INFO  ExportHelperExtension.cs: 1136 - Found 110 in ARM450-11
2023-04-30 20:47:25,773 INFO  ExportHelperExtension.cs: 1145 - Found 0 features of type [RefAxis] in ARM450-11
2023-04-30 20:47:25,774 INFO  ExportHelperExtension.cs: 1125 - Retrieving features of type [RefAxis] from Hélice_1045-2
2023-04-30 20:47:25,774 INFO  ExportHelperExtension.cs: 1136 - Found 34 in Hélice_1045-2
2023-04-30 20:47:25,792 INFO  ExportHelperExtension.cs: 1145 - Found 0 features of type [RefAxis] in Hélice_1045-2
2023-04-30 20:47:25,793 INFO  ExportHelperExtension.cs: 1125 - Retrieving features of type [RefAxis] from ARM450-1
2023-04-30 20:47:25,794 INFO  ExportHelperExtension.cs: 1136 - Found 110 in ARM450-1
2023-04-30 20:47:25,796 INFO  ExportHelperExtension.cs: 1145 - Found 0 features of type [RefAxis] in ARM450-1
2023-04-30 20:47:25,796 INFO  ExportHelperExtension.cs: 1125 - Retrieving features of type [RefAxis] from down-1
2023-04-30 20:47:25,989 INFO  ExportHelperExtension.cs: 1136 - Found 26 in down-1
2023-04-30 20:47:25,991 INFO  ExportHelperExtension.cs: 1145 - Found 0 features of type [RefAxis] in down-1
2023-04-30 20:47:25,992 INFO  ExportHelperExtension.cs: 1125 - Retrieving features of type [RefAxis] from Up-1
2023-04-30 20:47:25,992 INFO  ExportHelperExtension.cs: 1136 - Found 27 in Up-1
2023-04-30 20:47:25,994 INFO  ExportHelperExtension.cs: 1145 - Found 0 features of type [RefAxis] in Up-1
2023-04-30 20:47:26,220 INFO  SwAddin.cs: 339 - Loading config tree
2023-04-30 20:47:26,221 INFO  ExportPropertyManagerExtension.cs: 520 - Starting new configuration
2023-04-30 20:47:26,225 INFO  SwAddin.cs: 344 - Showing property manager
2023-04-30 20:48:09,628 INFO  ExportPropertyManager.cs: 422 - Configuration saved
2023-04-30 20:48:15,630 INFO  ExportHelperExtension.cs: 1125 - Retrieving features of type [CoordSys] from Assem1.SLDASM
2023-04-30 20:48:15,637 INFO  ExportHelperExtension.cs: 1136 - Found 52 in Assem1.SLDASM
2023-04-30 20:48:15,638 INFO  ExportHelperExtension.cs: 1145 - Found 1 features of type [CoordSys] in Assem1.SLDASM
2023-04-30 20:48:15,638 INFO  ExportHelperExtension.cs: 1148 - Proceeding through assembly components
2023-04-30 20:48:15,638 INFO  ExportHelperExtension.cs: 1160 - 8 components to check
2023-04-30 20:48:15,639 INFO  ExportHelperExtension.cs: 1125 - Retrieving features of type [CoordSys] from ARM450-9
2023-04-30 20:48:15,639 INFO  ExportHelperExtension.cs: 1136 - Found 110 in ARM450-9
2023-04-30 20:48:15,640 INFO  ExportHelperExtension.cs: 1145 - Found 0 features of type [CoordSys] in ARM450-9
2023-04-30 20:48:15,640 INFO  ExportHelperExtension.cs: 1125 - Retrieving features of type [CoordSys] from ARM450-12
2023-04-30 20:48:15,803 INFO  ExportHelperExtension.cs: 1136 - Found 110 in ARM450-12
2023-04-30 20:48:15,804 INFO  ExportHelperExtension.cs: 1145 - Found 0 features of type [CoordSys] in ARM450-12
2023-04-30 20:48:15,805 INFO  ExportHelperExtension.cs: 1125 - Retrieving features of type [CoordSys] from Hélice_1045-3
2023-04-30 20:48:15,805 INFO  ExportHelperExtension.cs: 1136 - Found 34 in Hélice_1045-3
2023-04-30 20:48:15,806 INFO  ExportHelperExtension.cs: 1145 - Found 0 features of type [CoordSys] in Hélice_1045-3
2023-04-30 20:48:15,806 INFO  ExportHelperExtension.cs: 1125 - Retrieving features of type [CoordSys] from ARM450-11
2023-04-30 20:48:15,807 INFO  ExportHelperExtension.cs: 1136 - Found 110 in ARM450-11
2023-04-30 20:48:15,808 INFO  ExportHelperExtension.cs: 1145 - Found 0 features of type [CoordSys] in ARM450-11
2023-04-30 20:48:15,808 INFO  ExportHelperExtension.cs: 1125 - Retrieving features of type [CoordSys] from Hélice_1045-2
2023-04-30 20:48:15,808 INFO  ExportHelperExtension.cs: 1136 - Found 34 in Hélice_1045-2
2023-04-30 20:48:15,809 INFO  ExportHelperExtension.cs: 1145 - Found 0 features of type [CoordSys] in Hélice_1045-2
2023-04-30 20:48:15,809 INFO  ExportHelperExtension.cs: 1125 - Retrieving features of type [CoordSys] from ARM450-1
2023-04-30 20:48:15,810 INFO  ExportHelperExtension.cs: 1136 - Found 110 in ARM450-1
2023-04-30 20:48:15,810 INFO  ExportHelperExtension.cs: 1145 - Found 0 features of type [CoordSys] in ARM450-1
2023-04-30 20:48:15,811 INFO  ExportHelperExtension.cs: 1125 - Retrieving features of type [CoordSys] from down-1
2023-04-30 20:48:15,811 INFO  ExportHelperExtension.cs: 1136 - Found 26 in down-1
2023-04-30 20:48:15,812 INFO  ExportHelperExtension.cs: 1145 - Found 0 features of type [CoordSys] in down-1
2023-04-30 20:48:15,812 INFO  ExportHelperExtension.cs: 1125 - Retrieving features of type [CoordSys] from Up-1
2023-04-30 20:48:15,813 INFO  ExportHelperExtension.cs: 1136 - Found 27 in Up-1
2023-04-30 20:48:15,813 INFO  ExportHelperExtension.cs: 1145 - Found 0 features of type [CoordSys] in Up-1
2023-04-30 20:48:15,813 INFO  ExportHelperExtension.cs: 1125 - Retrieving features of type [RefAxis] from Assem1.SLDASM
2023-04-30 20:48:15,814 INFO  ExportHelperExtension.cs: 1136 - Found 52 in Assem1.SLDASM
2023-04-30 20:48:15,814 INFO  ExportHelperExtension.cs: 1145 - Found 0 features of type [RefAxis] in Assem1.SLDASM
2023-04-30 20:48:15,815 INFO  ExportHelperExtension.cs: 1148 - Proceeding through assembly components
2023-04-30 20:48:15,816 INFO  ExportHelperExtension.cs: 1160 - 8 components to check
2023-04-30 20:48:15,816 INFO  ExportHelperExtension.cs: 1125 - Retrieving features of type [RefAxis] from ARM450-9
2023-04-30 20:48:15,816 INFO  ExportHelperExtension.cs: 1136 - Found 110 in ARM450-9
2023-04-30 20:48:15,817 INFO  ExportHelperExtension.cs: 1145 - Found 0 features of type [RefAxis] in ARM450-9
2023-04-30 20:48:15,818 INFO  ExportHelperExtension.cs: 1125 - Retrieving features of type [RefAxis] from ARM450-12
2023-04-30 20:48:15,820 INFO  ExportHelperExtension.cs: 1136 - Found 110 in ARM450-12
2023-04-30 20:48:15,822 INFO  ExportHelperExtension.cs: 1145 - Found 0 features of type [RefAxis] in ARM450-12
2023-04-30 20:48:15,823 INFO  ExportHelperExtension.cs: 1125 - Retrieving features of type [RefAxis] from Hélice_1045-3
2023-04-30 20:48:15,824 INFO  ExportHelperExtension.cs: 1136 - Found 34 in Hélice_1045-3
2023-04-30 20:48:15,825 INFO  ExportHelperExtension.cs: 1145 - Found 0 features of type [RefAxis] in Hélice_1045-3
2023-04-30 20:48:15,826 INFO  ExportHelperExtension.cs: 1125 - Retrieving features of type [RefAxis] from ARM450-11
2023-04-30 20:48:15,827 INFO  ExportHelperExtension.cs: 1136 - Found 110 in ARM450-11
2023-04-30 20:48:15,828 INFO  ExportHelperExtension.cs: 1145 - Found 0 features of type [RefAxis] in ARM450-11
2023-04-30 20:48:15,829 INFO  ExportHelperExtension.cs: 1125 - Retrieving features of type [RefAxis] from Hélice_1045-2
2023-04-30 20:48:15,830 INFO  ExportHelperExtension.cs: 1136 - Found 34 in Hélice_1045-2
2023-04-30 20:48:15,831 INFO  ExportHelperExtension.cs: 1145 - Found 0 features of type [RefAxis] in Hélice_1045-2
2023-04-30 20:48:15,832 INFO  ExportHelperExtension.cs: 1125 - Retrieving features of type [RefAxis] from ARM450-1
2023-04-30 20:48:15,833 INFO  ExportHelperExtension.cs: 1136 - Found 110 in ARM450-1
2023-04-30 20:48:15,834 INFO  ExportHelperExtension.cs: 1145 - Found 0 features of type [RefAxis] in ARM450-1
2023-04-30 20:48:15,835 INFO  ExportHelperExtension.cs: 1125 - Retrieving features of type [RefAxis] from down-1
2023-04-30 20:48:15,836 INFO  ExportHelperExtension.cs: 1136 - Found 26 in down-1
2023-04-30 20:48:15,836 INFO  ExportHelperExtension.cs: 1145 - Found 0 features of type [RefAxis] in down-1
2023-04-30 20:48:15,837 INFO  ExportHelperExtension.cs: 1125 - Retrieving features of type [RefAxis] from Up-1
2023-04-30 20:48:15,837 INFO  ExportHelperExtension.cs: 1136 - Found 27 in Up-1
2023-04-30 20:48:15,838 INFO  ExportHelperExtension.cs: 1145 - Found 0 features of type [RefAxis] in Up-1
2023-04-30 20:48:15,943 INFO  ExportPropertyManager.cs: 1142 - AfterClose called. This method no longer throws an Exception. It just silently does nothing. Ok, except for this logging message
2023-04-30 21:27:41,689 INFO  AssemblyExportForm.cs: 253 - Completing URDF export
2023-04-30 21:27:41,712 INFO  ConfigurationSerialization.cs: 276 - URDF Configuration found
<Link z:Id="i1" xmlns="http://schemas.datacontract.org/2004/07/SW2URDF" xmlns:i="http://www.w3.org/2001/XMLSchema-instance" xmlns:z="http://schemas.microsoft.com/2003/10/Serialization/"><Attributes><Attribute z:Id="i2"><AttributeType>name</AttributeType><IsRequired>true</IsRequired><Value i:type="a:string" xmlns:a="http://www.w3.org/2001/XMLSchema">base_link</Value></Attribute></Attributes><ChildElements><URDFElement z:Id="i3" i:type="Inertial"><Attributes/><ChildElements><URDFElement z:Id="i4" i:type="Origin"><Attributes><Attribute z:Id="i5"><AttributeType>xyz</AttributeType><IsRequired>true</IsRequired><Value i:type="a:ArrayOfdouble" xmlns:a="http://schemas.microsoft.com/2003/10/Serialization/Arrays"><a:double>0</a:double><a:double>0</a:double><a:double>0</a:double></Value></Attribute><Attribute z:Id="i6"><AttributeType>rpy</AttributeType><IsRequired>true</IsRequired><Value i:type="a:ArrayOfdouble" xmlns:a="http://schemas.microsoft.com/2003/10/Serialization/Arrays"><a:double>0</a:double><a:double>0</a:double><a:double>0</a:double></Value></Attribute></Attributes><ChildElements/><ElementName>origin</ElementName><required>false</required><RPYAttribute z:Ref="i6"/><XYZAttribute z:Ref="i5"/><isCustomized>false</isCustomized></URDFElement><URDFElement z:Id="i7" i:type="Mass"><Attributes><Attribute z:Id="i8"><AttributeType>value</AttributeType><IsRequired>true</IsRequired><Value i:type="a:double" xmlns:a="http://www.w3.org/2001/XMLSchema">0</Value></Attribute></Attributes><ChildElements/><ElementName>mass</ElementName><required>false</required><ValueAttribute z:Ref="i8"/></URDFElement><URDFElement z:Id="i9" i:type="Inertia"><Attributes><Attribute z:Id="i10"><AttributeType>ixx</AttributeType><IsRequired>true</IsRequired><Value i:type="a:double" xmlns:a="http://www.w3.org/2001/XMLSchema">0</Value></Attribute><Attribute z:Id="i11"><AttributeType>ixy</AttributeType><IsRequired>true</IsRequired><Value i:type="a:double" xmlns:a="http://www.w3.org/2001/XMLSchema">0</Value></Attribute><Attribute z:Id="i12"><AttributeType>ixz</AttributeType><IsRequired>true</IsRequired><Value i:type="a:double" xmlns:a="http://www.w3.org/2001/XMLSchema">0</Value></Attribute><Attribute z:Id="i13"><AttributeType>iyy</AttributeType><IsRequired>true</IsRequired><Value i:type="a:double" xmlns:a="http://www.w3.org/2001/XMLSchema">0</Value></Attribute><Attribute z:Id="i14"><AttributeType>iyz</AttributeType><IsRequired>true</IsRequired><Value i:type="a:double" xmlns:a="http://www.w3.org/2001/XMLSchema">0</Value></Attribute><Attribute z:Id="i15"><AttributeType>izz</AttributeType><IsRequired>true</IsRequired><Value i:type="a:double" xmlns:a="http://www.w3.org/2001/XMLSchema">0</Value></Attribute></Attributes><ChildElements/><ElementName>inertia</ElementName><required>false</required><IxxAttribute z:Ref="i10"/><IxyAttribute z:Ref="i11"/><IxzAttribute z:Ref="i12"/><IyyAttribute z:Ref="i13"/><IyzAttribute z:Ref="i14"/><IzzAttribute z:Ref="i15"/></URDFElement></ChildElements><ElementName>inertial</ElementName><required>false</required><Inertia z:Ref="i9"/><Mass z:Ref="i7"/><Origin z:Ref="i4"/></URDFElement><URDFElement z:Id="i16" i:type="Visual"><Attributes/><ChildElements><URDFElement z:Id="i17" i:type="Origin"><Attributes><Attribute z:Id="i18"><AttributeType>xyz</AttributeType><IsRequired>true</IsRequired><Value i:type="a:ArrayOfdouble" xmlns:a="http://schemas.microsoft.com/2003/10/Serialization/Arrays"><a:double>0</a:double><a:double>0</a:double><a:double>0</a:double></Value></Attribute><Attribute z:Id="i19"><AttributeType>rpy</AttributeType><IsRequired>true</IsRequired><Value i:type="a:ArrayOfdouble" xmlns:a="http://schemas.microsoft.com/2003/10/Serialization/Arrays"><a:double>0</a:double><a:double>0</a:double><a:double>0</a:double></Value></Attribute></Attributes><ChildElements/><ElementName>origin</ElementName><required>false</required><RPYAttribute z:Ref="i19"/><XYZAttribute z:Ref="i18"/><isCustomized>false</isCustomized></URDFElement><URDFElement z:Id="i20" i:type="Geometry"><Attributes/><ChildElements><URDFElement z:Id="i21" i:type="Mesh"><Attributes><Attribute z:Id="i22"><AttributeType>filename</AttributeType><IsRequired>true</IsRequired><Value i:nil="true"/></Attribute></Attributes><ChildElements/><ElementName>mesh</ElementName><required>false</required><FilenameAttribute z:Ref="i22"/></URDFElement></ChildElements><ElementName>geometry</ElementName><required>true</required><Mesh z:Ref="i21"/></URDFElement><URDFElement z:Id="i23" i:type="Material"><Attributes><Attribute z:Id="i24"><AttributeType>name</AttributeType><IsRequired>true</IsRequired><Value i:type="a:string" xmlns:a="http://www.w3.org/2001/XMLSchema"/></Attribute></Attributes><ChildElements><URDFElement z:Id="i25" i:type="Color"><Attributes><Attribute z:Id="i26"><AttributeType>rgba</AttributeType><IsRequired>true</IsRequired><Value i:type="a:ArrayOfdouble" xmlns:a="http://schemas.microsoft.com/2003/10/Serialization/Arrays"><a:double>1</a:double><a:double>1</a:double><a:double>1</a:double><a:double>1</a:double></Value></Attribute></Attributes><ChildElements/><ElementName>color</ElementName><required>false</required><RGBAAttribute z:Ref="i26"/></URDFElement><URDFElement z:Id="i27" i:type="Texture"><Attributes><Attribute z:Id="i28"><AttributeType>filename</AttributeType><IsRequired>true</IsRequired><Value i:nil="true"/></Attribute></Attributes><ChildElements/><ElementName>texture</ElementName><required>false</required><FilenameAttribute z:Ref="i28"/><wFilename/></URDFElement></ChildElements><ElementName>material</ElementName><required>false</required><Color z:Ref="i25"/><NameAttribute z:Ref="i24"/><Texture z:Ref="i27"/></URDFElement></ChildElements><ElementName>visual</ElementName><required>false</required><Geometry z:Ref="i20"/><Material z:Ref="i23"/><Origin z:Ref="i17"/></URDFElement><URDFElement z:Id="i29" i:type="Collision"><Attributes/><ChildElements><URDFElement z:Id="i30" i:type="Origin"><Attributes><Attribute z:Id="i31"><AttributeType>xyz</AttributeType><IsRequired>true</IsRequired><Value i:type="a:ArrayOfdouble" xmlns:a="http://schemas.microsoft.com/2003/10/Serialization/Arrays"><a:double>0</a:double><a:double>0</a:double><a:double>0</a:double></Value></Attribute><Attribute z:Id="i32"><AttributeType>rpy</AttributeType><IsRequired>true</IsRequired><Value i:type="a:ArrayOfdouble" xmlns:a="http://schemas.microsoft.com/2003/10/Serialization/Arrays"><a:double>0</a:double><a:double>0</a:double><a:double>0</a:double></Value></Attribute></Attributes><ChildElements/><ElementName>origin</ElementName><required>false</required><RPYAttribute z:Ref="i32"/><XYZAttribute z:Ref="i31"/><isCustomized>false</isCustomized></URDFElement><URDFElement z:Id="i33" i:type="Geometry"><Attributes/><ChildElements><URDFElement z:Id="i34" i:type="Mesh"><Attributes><Attribute z:Id="i35"><AttributeType>filename</AttributeType><IsRequired>true</IsRequired><Value i:nil="true"/></Attribute></Attributes><ChildElements/><ElementName>mesh</ElementName><required>false</required><FilenameAttribute z:Ref="i35"/></URDFElement></ChildElements><ElementName>geometry</ElementName><required>true</required><Mesh z:Ref="i34"/></URDFElement></ChildElements><ElementName>collision</ElementName><required>false</required><Geometry z:Ref="i33"/><Origin z:Ref="i30"/></URDFElement><URDFElement z:Id="i36" i:type="Joint"><Attributes><Attribute z:Id="i37"><AttributeType>name</AttributeType><IsRequired>true</IsRequired><Value i:type="a:string" xmlns:a="http://www.w3.org/2001/XMLSchema"/></Attribute><Attribute z:Id="i38"><AttributeType>type</AttributeType><IsRequired>true</IsRequired><Value i:type="a:string" xmlns:a="http://www.w3.org/2001/XMLSchema"/></Attribute></Attributes><ChildElements><URDFElement z:Id="i39" i:type="Origin"><Attributes><Attribute z:Id="i40"><AttributeType>xyz</AttributeType><IsRequired>true</IsRequired><Value i:type="a:ArrayOfdouble" xmlns:a="http://schemas.microsoft.com/2003/10/Serialization/Arrays"><a:double>0</a:double><a:double>0</a:double><a:double>0</a:double></Value></Attribute><Attribute z:Id="i41"><AttributeType>rpy</AttributeType><IsRequired>true</IsRequired><Value i:type="a:ArrayOfdouble" xmlns:a="http://schemas.microsoft.com/2003/10/Serialization/Arrays"><a:double>0</a:double><a:double>0</a:double><a:double>0</a:double></Value></Attribute></Attributes><ChildElements/><ElementName>origin</ElementName><required>false</required><RPYAttribute z:Ref="i41"/><XYZAttribute z:Ref="i40"/><isCustomized>false</isCustomized></URDFElement><URDFElement z:Id="i42" i:type="ParentLink"><Attributes><Attribute z:Id="i43"><AttributeType>link</AttributeType><IsRequired>true</IsRequired><Value i:type="a:string" xmlns:a="http://www.w3.org/2001/XMLSchema"/></Attribute></Attributes><ChildElements/><ElementName>parent</ElementName><required>true</required><NameAttribute z:Ref="i43"/></URDFElement><URDFElement z:Id="i44" i:type="ChildLink"><Attributes><Attribute z:Id="i45"><AttributeType>link</AttributeType><IsRequired>true</IsRequired><Value i:type="a:string" xmlns:a="http://www.w3.org/2001/XMLSchema"/></Attribute></Attributes><ChildElements/><ElementName>child</ElementName><required>true</required><NameAttribute z:Ref="i45"/></URDFElement><URDFElement z:Id="i46" i:type="Axis"><Attributes><Attribute z:Id="i47"><AttributeType>xyz</AttributeType><IsRequired>true</IsRequired><Value i:type="a:ArrayOfdouble" xmlns:a="http://schemas.microsoft.com/2003/10/Serialization/Arrays"><a:double>0</a:double><a:double>0</a:double><a:double>0</a:double></Value></Attribute></Attributes><ChildElements/><ElementName>axis</ElementName><required>false</required><XYZAttribute z:Ref="i47"/></URDFElement><URDFElement z:Id="i48" i:type="Limit"><Attributes><Attribute z:Id="i49"><AttributeType>lower</AttributeType><IsRequired>false</IsRequired><Value i:nil="true"/></Attribute><Attribute z:Id="i50"><AttributeType>upper</AttributeType><IsRequired>false</IsRequired><Value i:nil="true"/></Attribute><Attribute z:Id="i51"><AttributeType>effort</AttributeType><IsRequired>true</IsRequired><Value i:nil="true"/></Attribute><Attribute z:Id="i52"><AttributeType>velocity</AttributeType><IsRequired>true</IsRequired><Value i:nil="true"/></Attribute></Attributes><ChildElements/><ElementName>limit</ElementName><required>false</required><EffortAttribute z:Ref="i51"/><LowerAttribute z:Ref="i49"/><UpperAttribute z:Ref="i50"/><VelocityAttribute z:Ref="i52"/></URDFElement><URDFElement z:Id="i53" i:type="Calibration"><Attributes><Attribute z:Id="i54"><AttributeType>rising</AttributeType><IsRequired>false</IsRequired><Value i:nil="true"/></Attribute><Attribute z:Id="i55"><AttributeType>falling</AttributeType><IsRequired>false</IsRequired><Value i:nil="true"/></Attribute></Attributes><ChildElements/><ElementName>calibration</ElementName><required>false</required><FallingAttribute z:Ref="i55"/><RisingAttribute z:Ref="i54"/></URDFElement><URDFElement z:Id="i56" i:type="Dynamics"><Attributes><Attribute z:Id="i57"><AttributeType>damping</AttributeType><IsRequired>false</IsRequired><Value i:nil="true"/></Attribute><Attribute z:Id="i58"><AttributeType>friction</AttributeType><IsRequired>false</IsRequired><Value i:nil="true"/></Attribute></Attributes><ChildElements/><ElementName>dynamics</ElementName><required>false</required><DampingAttribute z:Ref="i57"/><FrictionAttribute z:Ref="i58"/></URDFElement><URDFElement z:Id="i59" i:type="SafetyController"><Attributes><Attribute z:Id="i60"><AttributeType>soft_upper_limit</AttributeType><IsRequired>false</IsRequired><Value i:nil="true"/></Attribute><Attribute z:Id="i61"><AttributeType>soft_lower_limit</AttributeType><IsRequired>false</IsRequired><Value i:nil="true"/></Attribute><Attribute z:Id="i62"><AttributeType>k_position</AttributeType><IsRequired>false</IsRequired><Value i:nil="true"/></Attribute><Attribute z:Id="i63"><AttributeType>k_velocity</AttributeType><IsRequired>true</IsRequired><Value i:nil="true"/></Attribute></Attributes><ChildElements/><ElementName>safety_controller</ElementName><required>false</required><KPositionAttribute z:Ref="i62"/><KVelocityAttribute z:Ref="i63"/><SoftLowerAttribute z:Ref="i61"/><SoftUpperAttribute z:Ref="i60"/></URDFElement><URDFElement z:Id="i64" i:type="Mimic"><Attributes><Attribute z:Id="i65"><AttributeType>joint</AttributeType><IsRequired>true</IsRequired><Value i:nil="true"/></Attribute><Attribute z:Id="i66"><AttributeType>multiplier</AttributeType><IsRequired>false</IsRequired><Value i:nil="true"/></Attribute><Attribute z:Id="i67"><AttributeType>offset</AttributeType><IsRequired>false</IsRequired><Value i:nil="true"/></Attribute></Attributes><ChildElements/><ElementName>mimic</ElementName><required>false</required><JointNameAttribute z:Ref="i65"/><MultiplierAttribute z:Ref="i66"/><OffsetAttribute z:Ref="i67"/></URDFElement></ChildElements><ElementName>joint</ElementName><required>false</required><Axis z:Ref="i46"/><AxisName/><Calibration z:Ref="i53"/><Child z:Ref="i44"/><CoordinateSystemName>Automatically Generate</CoordinateSystemName><Dynamics z:Ref="i56"/><Limit z:Ref="i48"/><Mimic z:Ref="i64"/><NameAttribute z:Ref="i37"/><Origin z:Ref="i39"/><Parent z:Ref="i42"/><Safety z:Ref="i59"/><TypeAttribute z:Ref="i38"/></URDFElement></ChildElements><ElementName>link</ElementName><required>true</required><Children/><Collision z:Ref="i29"/><Inertial z:Ref="i3"/><Joint z:Ref="i36"/><NameAttribute z:Ref="i2"/><Parent i:nil="true"/><STLQualityFine>false</STLQualityFine><SWComponentPIDs xmlns:a="http://schemas.microsoft.com/2003/10/Serialization/Arrays"><a:base64Binary>mDoAAAUAAAD//v8QQQBSAE0ANAA1ADAALQAxADIAQABBAHMAcwBlAG0AMQAEAAAAEAAAAAEAAAABAAAAQAAAAA==</a:base64Binary><a:base64Binary>mDoAAAUAAAD//v8LVQBwAC0AMQBAAEEAcwBzAGUAbQAxAAQAAAAQAAAAAQAAAAEAAAAfAAAA</a:base64Binary><a:base64Binary>mDoAAAUAAAD//v8PQQBSAE0ANAA1ADAALQA5AEAAQQBzAHMAZQBtADEABAAAABAAAAABAAAAAQAAADQAAAA=</a:base64Binary><a:base64Binary>mDoAAAUAAAD//v8QQQBSAE0ANAA1ADAALQAxADEAQABBAHMAcwBlAG0AMQAEAAAAEAAAAAEAAAABAAAAOwAAAA==</a:base64Binary><a:base64Binary>mDoAAAUAAAD//v8PQQBSAE0ANAA1ADAALQAxAEAAQQBzAHMAZQBtADEABAAAABAAAAABAAAAAQAAABwAAAA=</a:base64Binary><a:base64Binary>mDoAAAUAAAD//v8NZABvAHcAbgAtADEAQABBAHMAcwBlAG0AMQAEAAAAEAAAAAEAAAABAAAAHgAAAA==</a:base64Binary></SWComponentPIDs><SWMainComponentPID i:nil="true"/><Visual z:Ref="i16"/><isFixedFrame>false</isFixedFrame><isIncomplete>false</isIncomplete></Link>
2023-04-30 21:28:11,310 INFO  AssemblyExportForm.cs: 309 - Saving URDF package to E:\Drone project\URDF\Assem1.SLDASM
2023-04-30 21:28:11,313 INFO  ExportHelper.cs: 147 - Beginning the export process
2023-04-30 21:28:11,314 INFO  ExportHelper.cs: 153 - Creating package directories with name Assem1.SLDASM and save path E:\Drone project\URDF
2023-04-30 21:28:16,608 INFO  ExportHelper.cs: 162 - Creating CMakeLists.txt at E:\Drone project\URDF\Assem1.SLDASM\CMakeLists.txt
2023-04-30 21:28:16,611 INFO  ExportHelper.cs: 166 - Creating joint names config at E:\Drone project\URDF\Assem1.SLDASM\config\joint_names_Assem1.SLDASM.yaml
2023-04-30 21:28:16,612 INFO  ExportHelper.cs: 170 - Creating package.xml at E:\Drone project\URDF\Assem1.SLDASM\package.xml
2023-04-30 21:28:16,614 INFO  PackageXMLWriter.cs: 21 - Creating package.xml at E:\Drone project\URDF\Assem1.SLDASM\package.xml
2023-04-30 21:28:16,624 INFO  ExportHelper.cs: 177 - Creating RVIZ launch file in E:\Drone project\URDF\Assem1.SLDASM\launch\
2023-04-30 21:28:16,628 INFO  ExportHelper.cs: 182 - Creating Gazebo launch file in E:\Drone project\URDF\Assem1.SLDASM\launch\
2023-04-30 21:28:16,631 INFO  ExportHelper.cs: 187 - Saving existing STL preferences
2023-04-30 21:28:16,633 INFO  ExportHelper.cs: 450 - Saving users preferences
2023-04-30 21:28:16,635 INFO  ExportHelper.cs: 190 - Modifying STL preferences
2023-04-30 21:28:16,636 INFO  ExportHelper.cs: 464 - Setting STL preferences
2023-04-30 21:28:16,762 INFO  ExportHelper.cs: 196 - Found 0 hidden components 
2023-04-30 21:28:16,762 INFO  ExportHelper.cs: 197 - Hiding all components
2023-04-30 21:28:16,999 INFO  ExportHelper.cs: 204 - Beginning individual files export
2023-04-30 21:28:17,003 INFO  ExportHelper.cs: 270 - Exporting link: base_link
2023-04-30 21:28:17,004 INFO  ExportHelper.cs: 272 - Link base_link has 0 children
2023-04-30 21:28:17,005 INFO  ExportHelper.cs: 317 - base_link: Exporting STL with coordinate frame Origin_global
2023-04-30 21:28:17,006 INFO  ExportHelper.cs: 322 - base_link: Reference geometry name 
2023-04-30 21:28:17,249 INFO  ExportHelper.cs: 330 - Saving STL to E:\Drone project\URDF\Assem1.SLDASM\meshes\base_link.STL
2023-04-30 21:28:19,341 INFO  ExportHelper.cs: 405 - Removing SW header in STL file
2023-04-30 21:28:19,342 INFO  ExportHelper.cs: 145 - Showing all components except previously hidden components
2023-04-30 21:28:19,469 INFO  ExportHelper.cs: 145 - Resetting STL preferences
2023-04-30 21:28:19,470 INFO  ExportHelper.cs: 478 - Returning STL preferences to user preferences
2023-04-30 21:28:19,470 INFO  ExportHelper.cs: 228 - Writing URDF file to E:\Drone project\URDF\Assem1.SLDASM\urdf\Assem1.SLDASM.urdf
2023-04-30 21:28:19,913 INFO  CSVImportExport.cs: 32 - Writing CSV file E:\Drone project\URDF\Assem1.SLDASM\urdf\Assem1.SLDASM.csv
2023-04-30 21:28:19,947 ERROR CSVImportExport.cs: 130 - The following columns were not written to the CSV: Link.Joint.ChildLink.link,
2023-04-30 21:28:19,948 INFO  ExportHelper.cs: 234 - Copying log file
2023-04-30 21:28:19,953 INFO  ExportHelper.cs: 439 - Copying C:\Users\smart\sw2urdf_logs\sw2urdf.log to E:\Drone project\URDF\Assem1.SLDASM\export.log
